
=== Tue Oct 26 13:55:12 2021

Packages were changed.
Update Mode: mergeDefaultDependencies

The following packages were added:
  com.unity.collab-proxy@1.7.1
  com.unity.ide.visualstudio@2.0.11
  com.unity.modules.ai@1.0.0
  com.unity.modules.cloth@1.0.0
  com.unity.modules.director@1.0.0
  com.unity.modules.physics2d@1.0.0
  com.unity.modules.terrain@1.0.0
  com.unity.modules.terrainphysics@1.0.0
  com.unity.modules.tilemap@1.0.0
  com.unity.modules.vehicles@1.0.0
  com.unity.modules.vr@1.0.0
  com.unity.modules.wind@1.0.0
  com.unity.modules.xr@1.0.0
  com.unity.timeline@1.4.8
The following packages were updated:
  com.unity.ide.rider from version 1.1.4 to 2.0.7
  com.unity.mobile.android-logcat from version 1.2.0 to 1.2.3
  com.unity.mobile.notifications from version 1.0.3 to 1.4.1
  com.unity.test-framework from version 1.1.20 to 1.1.27
  com.unity.textmeshpro from version 2.1.3 to 3.0.6

=== Mon Jan 10 22:06:57 2022

Packages were changed.
Update Mode: updateDependencies

The following packages were updated:
  com.unity.cinemachine from version 2.6.10 to 2.8.2
  com.unity.collab-proxy from version 1.7.1 to 1.15.4
  com.unity.ide.rider from version 2.0.7 to 3.0.7
  com.unity.ide.visualstudio from version 2.0.11 to 2.0.12
  com.unity.ide.vscode from version 1.2.3 to 1.2.4
  com.unity.mobile.notifications from version 1.4.1 to 1.4.2
  com.unity.test-framework from version 1.1.27 to 1.1.29
  com.unity.timeline from version 1.4.8 to 1.6.3
The following packages were removed:
  com.unity.ui@1.0.0-preview.17
  com.unity.ui.builder@1.0.0-preview.18
